<?xml version="1.0" encoding="UTF-8"?>
<coverage generated="1684485539">
  <project timestamp="1684485539">
    <file name="/Users/joej/Kodus2/repo-info-example-plugin/src/Factory/HelloWorldInformationFactory.php">
      <class name="CodeHqDk\RepositoryInformation\ExamplePlugin\Factory\HelloWorldInformationFactory" namespace="global">
        <metrics complexity="4" methods="3" coveredmethods="2" conditionals="0" coveredconditionals="0" statements="16" coveredstatements="15" elements="19" coveredelements="17"/>
      </class>
      <line num="15" type="method" name="createBlocks" visibility="public" complexity="2" crap="2.00" count="1"/>
      <line num="17" type="stmt" count="1"/>
      <line num="18" type="stmt" count="0"/>
      <line num="21" type="stmt" count="1"/>
      <line num="22" type="stmt" count="1"/>
      <line num="23" type="stmt" count="1"/>
      <line num="24" type="stmt" count="1"/>
      <line num="25" type="stmt" count="1"/>
      <line num="26" type="stmt" count="1"/>
      <line num="27" type="stmt" count="1"/>
      <line num="28" type="stmt" count="1"/>
      <line num="29" type="stmt" count="1"/>
      <line num="30" type="stmt" count="1"/>
      <line num="33" type="method" name="getRepositoryRequirements" visibility="public" complexity="1" crap="1" count="1"/>
      <line num="35" type="stmt" count="1"/>
      <line num="38" type="method" name="listAvailableInformationBlocks" visibility="public" complexity="1" crap="1" count="1"/>
      <line num="40" type="stmt" count="1"/>
      <line num="41" type="stmt" count="1"/>
      <line num="42" type="stmt" count="1"/>
      <metrics loc="45" ncloc="45" classes="1" methods="3" coveredmethods="2" conditionals="0" coveredconditionals="0" statements="16" coveredstatements="15" elements="19" coveredelements="17"/>
    </file>
    <file name="/Users/joej/Kodus2/repo-info-example-plugin/src/InformationBlocks/HelloWorldInformationBlock.php">
      <class name="CodeHqDk\RepositoryInformation\ExamplePlugin\InformationBlocks\HelloWorldInformationBlock" namespace="global">
        <metrics complexity="1" methods="1" coveredmethods="1" conditionals="0" coveredconditionals="0" statements="8" coveredstatements="8" elements="9" coveredelements="9"/>
      </class>
      <line num="9" type="method" name="fromArray" visibility="public" complexity="1" crap="1" count="1"/>
      <line num="10" type="stmt" count="1"/>
      <line num="11" type="stmt" count="1"/>
      <line num="12" type="stmt" count="1"/>
      <line num="13" type="stmt" count="1"/>
      <line num="14" type="stmt" count="1"/>
      <line num="15" type="stmt" count="1"/>
      <line num="16" type="stmt" count="1"/>
      <line num="17" type="stmt" count="1"/>
      <metrics loc="20" ncloc="20" classes="1" methods="1" coveredmethods="1" conditionals="0" coveredconditionals="0" statements="8" coveredstatements="8" elements="9" coveredelements="9"/>
    </file>
    <file name="/Users/joej/Kodus2/repo-info-example-plugin/src/Provider/HelloWorldInformationFactoryProvider.php">
      <class name="CodeHqDk\RepositoryInformation\ExamplePlugin\Provider\HelloWorldInformationFactoryProvider" namespace="global">
        <metrics complexity="1" methods="1" coveredmethods="1" conditionals="0" coveredconditionals="0" statements="2" coveredstatements="2" elements="3" coveredelements="3"/>
      </class>
      <line num="11" type="method" name="addFactory" visibility="public" complexity="1" crap="1" count="1"/>
      <line num="13" type="stmt" count="1"/>
      <line num="14" type="stmt" count="1"/>
      <metrics loc="17" ncloc="17" classes="1" methods="1" coveredmethods="1" conditionals="0" coveredconditionals="0" statements="2" coveredstatements="2" elements="3" coveredelements="3"/>
    </file>
    <metrics files="3" loc="82" ncloc="82" classes="3" methods="5" coveredmethods="4" conditionals="0" coveredconditionals="0" statements="26" coveredstatements="25" elements="31" coveredelements="29"/>
  </project>
</coverage>
