<?xml version="1.0" encoding="UTF-8"?>
<coverage generated="1679678049">
  <project timestamp="1679678049">
    <file name="/home/jesper_privat/web-udvikling/repo-info-example-plugin/src/Factory/HelloWorldInformationFactory.php">
      <class name="CodeHqDk\RepositoryInformation\Factory\HelloWorldInformationFactory" namespace="global">
        <metrics complexity="4" methods="3" coveredmethods="2" conditionals="0" coveredconditionals="0" statements="16" coveredstatements="15" elements="19" coveredelements="17"/>
      </class>
      <line num="14" type="method" name="createBlocks" visibility="public" complexity="2" crap="2.00" count="1"/>
      <line num="16" type="stmt" count="1"/>
      <line num="17" type="stmt" count="0"/>
      <line num="20" type="stmt" count="1"/>
      <line num="21" type="stmt" count="1"/>
      <line num="22" type="stmt" count="1"/>
      <line num="23" type="stmt" count="1"/>
      <line num="24" type="stmt" count="1"/>
      <line num="25" type="stmt" count="1"/>
      <line num="26" type="stmt" count="1"/>
      <line num="27" type="stmt" count="1"/>
      <line num="28" type="stmt" count="1"/>
      <line num="29" type="stmt" count="1"/>
      <line num="32" type="method" name="getRepositoryRequirements" visibility="public" complexity="1" crap="1" count="1"/>
      <line num="34" type="stmt" count="1"/>
      <line num="37" type="method" name="listAvailableInformationBlocks" visibility="public" complexity="1" crap="1" count="1"/>
      <line num="39" type="stmt" count="1"/>
      <line num="40" type="stmt" count="1"/>
      <line num="41" type="stmt" count="1"/>
      <metrics loc="43" ncloc="43" classes="1" methods="3" coveredmethods="2" conditionals="0" coveredconditionals="0" statements="16" coveredstatements="15" elements="19" coveredelements="17"/>
    </file>
    <file name="/home/jesper_privat/web-udvikling/repo-info-example-plugin/src/InformationBlocks/HelloWorldInformationBlock.php">
      <class name="CodeHqDk\RepositoryInformation\InformationBlocks\HelloWorldInformationBlock" namespace="global">
        <metrics complexity="1" methods="1" coveredmethods="1" conditionals="0" coveredconditionals="0" statements="8" coveredstatements="8" elements="9" coveredelements="9"/>
      </class>
      <line num="9" type="method" name="fromArray" visibility="public" complexity="1" crap="1" count="1"/>
      <line num="10" type="stmt" count="1"/>
      <line num="11" type="stmt" count="1"/>
      <line num="12" type="stmt" count="1"/>
      <line num="13" type="stmt" count="1"/>
      <line num="14" type="stmt" count="1"/>
      <line num="15" type="stmt" count="1"/>
      <line num="16" type="stmt" count="1"/>
      <line num="17" type="stmt" count="1"/>
      <metrics loc="19" ncloc="19" classes="1" methods="1" coveredmethods="1" conditionals="0" coveredconditionals="0" statements="8" coveredstatements="8" elements="9" coveredelements="9"/>
    </file>
    <file name="/home/jesper_privat/web-udvikling/repo-info-example-plugin/src/Provider/HelloWorldInformationFactoryProvider.php">
      <class name="CodeHqDk\RepositoryInformation\Provider\HelloWorldInformationFactoryProvider" namespace="global">
        <metrics complexity="1" methods="1" coveredmethods="1" conditionals="0" coveredconditionals="0" statements="2" coveredstatements="2" elements="3" coveredelements="3"/>
      </class>
      <line num="11" type="method" name="addFactory" visibility="public" complexity="1" crap="1" count="1"/>
      <line num="13" type="stmt" count="1"/>
      <line num="14" type="stmt" count="1"/>
      <metrics loc="16" ncloc="16" classes="1" methods="1" coveredmethods="1" conditionals="0" coveredconditionals="0" statements="2" coveredstatements="2" elements="3" coveredelements="3"/>
    </file>
    <metrics files="3" loc="78" ncloc="78" classes="3" methods="5" coveredmethods="4" conditionals="0" coveredconditionals="0" statements="26" coveredstatements="25" elements="31" coveredelements="29"/>
  </project>
</coverage>
